{"C:\\Users\\dalid\\Documents\\DEV\\mars-photos-app\\src\\App.jsx": {"path":"C:\\Users\\dalid\\Documents\\DEV\\mars-photos-app\\src\\App.jsx","all":false,"statementMap":{"0":{"start":{"line":1,"column":0},"end":{"line":1,"column":43}},"1":{"start":{"line":2,"column":0},"end":{"line":2,"column":18}},"2":{"start":{"line":3,"column":0},"end":{"line":3,"column":39}},"3":{"start":{"line":4,"column":0},"end":{"line":4,"column":39}},"4":{"start":{"line":5,"column":0},"end":{"line":5,"column":53}},"5":{"start":{"line":6,"column":0},"end":{"line":6,"column":0}},"6":{"start":{"line":7,"column":0},"end":{"line":7,"column":16}},"7":{"start":{"line":8,"column":0},"end":{"line":8,"column":49}},"8":{"start":{"line":9,"column":0},"end":{"line":9,"column":18}},"9":{"start":{"line":10,"column":0},"end":{"line":10,"column":140}},"10":{"start":{"line":11,"column":0},"end":{"line":11,"column":4}},"11":{"start":{"line":12,"column":0},"end":{"line":12,"column":0}},"12":{"start":{"line":13,"column":0},"end":{"line":13,"column":42}},"13":{"start":{"line":14,"column":0},"end":{"line":14,"column":61}},"14":{"start":{"line":15,"column":0},"end":{"line":15,"column":55}},"15":{"start":{"line":16,"column":0},"end":{"line":16,"column":52}},"16":{"start":{"line":17,"column":0},"end":{"line":17,"column":49}},"17":{"start":{"line":18,"column":0},"end":{"line":18,"column":0}},"18":{"start":{"line":19,"column":0},"end":{"line":19,"column":19}},"19":{"start":{"line":20,"column":0},"end":{"line":20,"column":25}},"20":{"start":{"line":21,"column":0},"end":{"line":21,"column":51}},"21":{"start":{"line":22,"column":0},"end":{"line":22,"column":16}},"22":{"start":{"line":23,"column":0},"end":{"line":23,"column":10}},"23":{"start":{"line":24,"column":0},"end":{"line":24,"column":101}},"24":{"start":{"line":25,"column":0},"end":{"line":25,"column":18}},"25":{"start":{"line":26,"column":0},"end":{"line":26,"column":39}},"26":{"start":{"line":27,"column":0},"end":{"line":27,"column":33}},"27":{"start":{"line":28,"column":0},"end":{"line":28,"column":37}},"28":{"start":{"line":29,"column":0},"end":{"line":29,"column":23}},"29":{"start":{"line":30,"column":0},"end":{"line":30,"column":8}},"30":{"start":{"line":31,"column":0},"end":{"line":31,"column":0}},"31":{"start":{"line":32,"column":0},"end":{"line":32,"column":14}},"32":{"start":{"line":33,"column":0},"end":{"line":33,"column":37}},"33":{"start":{"line":34,"column":0},"end":{"line":34,"column":15}},"34":{"start":{"line":35,"column":0},"end":{"line":35,"column":75}},"35":{"start":{"line":36,"column":0},"end":{"line":36,"column":105}},"36":{"start":{"line":37,"column":0},"end":{"line":37,"column":56}},"37":{"start":{"line":38,"column":0},"end":{"line":38,"column":20}},"38":{"start":{"line":39,"column":0},"end":{"line":39,"column":19}},"39":{"start":{"line":40,"column":0},"end":{"line":40,"column":21}},"40":{"start":{"line":41,"column":0},"end":{"line":41,"column":40}},"41":{"start":{"line":42,"column":0},"end":{"line":42,"column":20}},"42":{"start":{"line":43,"column":0},"end":{"line":43,"column":19}},"43":{"start":{"line":44,"column":0},"end":{"line":44,"column":38}},"44":{"start":{"line":45,"column":0},"end":{"line":45,"column":33}},"45":{"start":{"line":46,"column":0},"end":{"line":46,"column":37}},"46":{"start":{"line":47,"column":0},"end":{"line":47,"column":51}},"47":{"start":{"line":48,"column":0},"end":{"line":48,"column":29}},"48":{"start":{"line":49,"column":0},"end":{"line":49,"column":16}},"49":{"start":{"line":50,"column":0},"end":{"line":50,"column":13}},"50":{"start":{"line":51,"column":0},"end":{"line":51,"column":13}},"51":{"start":{"line":52,"column":0},"end":{"line":52,"column":12}},"52":{"start":{"line":53,"column":0},"end":{"line":53,"column":10}},"53":{"start":{"line":54,"column":0},"end":{"line":54,"column":3}},"54":{"start":{"line":55,"column":0},"end":{"line":55,"column":1}},"55":{"start":{"line":56,"column":0},"end":{"line":56,"column":0}},"56":{"start":{"line":57,"column":0},"end":{"line":57,"column":18}}},"s":{"0":1,"1":1,"2":1,"3":1,"4":1,"5":1,"6":20,"7":20,"8":20,"9":20,"10":20,"11":20,"12":20,"13":20,"14":20,"15":20,"16":20,"17":20,"18":20,"19":12,"20":12,"21":20,"22":20,"23":20,"24":20,"25":20,"26":20,"27":20,"28":20,"29":20,"30":20,"31":20,"32":20,"33":20,"34":20,"35":20,"36":20,"37":20,"38":8,"39":8,"40":8,"41":16,"42":16,"43":16,"44":16,"45":16,"46":16,"47":16,"48":16,"49":16,"50":8,"51":20,"52":20,"53":20,"54":20,"55":1,"56":1},"branchMap":{"0":{"type":"branch","line":7,"loc":{"start":{"line":7,"column":0},"end":{"line":55,"column":1}},"locations":[{"start":{"line":7,"column":0},"end":{"line":55,"column":1}}]},"1":{"type":"branch","line":35,"loc":{"start":{"line":35,"column":9},"end":{"line":35,"column":75}},"locations":[{"start":{"line":35,"column":9},"end":{"line":35,"column":75}}]},"2":{"type":"branch","line":36,"loc":{"start":{"line":36,"column":9},"end":{"line":36,"column":105}},"locations":[{"start":{"line":36,"column":9},"end":{"line":36,"column":105}}]},"3":{"type":"branch","line":38,"loc":{"start":{"line":38,"column":10},"end":{"line":39,"column":19}},"locations":[{"start":{"line":38,"column":10},"end":{"line":39,"column":19}}]},"4":{"type":"branch","line":39,"loc":{"start":{"line":39,"column":11},"end":{"line":40,"column":21}},"locations":[{"start":{"line":39,"column":11},"end":{"line":40,"column":21}}]},"5":{"type":"branch","line":40,"loc":{"start":{"line":40,"column":12},"end":{"line":51,"column":13}},"locations":[{"start":{"line":40,"column":12},"end":{"line":51,"column":13}}]},"6":{"type":"branch","line":16,"loc":{"start":{"line":16,"column":22},"end":{"line":16,"column":52}},"locations":[{"start":{"line":16,"column":22},"end":{"line":16,"column":52}}]},"7":{"type":"branch","line":17,"loc":{"start":{"line":17,"column":20},"end":{"line":17,"column":49}},"locations":[{"start":{"line":17,"column":20},"end":{"line":17,"column":49}}]},"8":{"type":"branch","line":19,"loc":{"start":{"line":19,"column":12},"end":{"line":22,"column":5}},"locations":[{"start":{"line":19,"column":12},"end":{"line":22,"column":5}}]},"9":{"type":"branch","line":21,"loc":{"start":{"line":21,"column":20},"end":{"line":21,"column":51}},"locations":[{"start":{"line":21,"column":20},"end":{"line":21,"column":51}}]},"10":{"type":"branch","line":41,"loc":{"start":{"line":41,"column":21},"end":{"line":51,"column":11}},"locations":[{"start":{"line":41,"column":21},"end":{"line":51,"column":11}}]}},"b":{"0":[20],"1":[12],"2":[0],"3":[8],"4":[8],"5":[8],"6":[1],"7":[2],"8":[12],"9":[6],"10":[16]},"fnMap":{"0":{"name":"App","decl":{"start":{"line":7,"column":0},"end":{"line":55,"column":1}},"loc":{"start":{"line":7,"column":0},"end":{"line":55,"column":1}},"line":7},"1":{"name":"handleClose","decl":{"start":{"line":16,"column":22},"end":{"line":16,"column":52}},"loc":{"start":{"line":16,"column":22},"end":{"line":16,"column":52}},"line":16},"2":{"name":"showModal","decl":{"start":{"line":17,"column":20},"end":{"line":17,"column":49}},"loc":{"start":{"line":17,"column":20},"end":{"line":17,"column":49}},"line":17}},"f":{"0":20,"1":1,"2":2}}
,"C:\\Users\\dalid\\Documents\\DEV\\mars-photos-app\\src\\components\\UI\\Card.jsx": {"path":"C:\\Users\\dalid\\Documents\\DEV\\mars-photos-app\\src\\components\\UI\\Card.jsx","all":false,"statementMap":{"0":{"start":{"line":1,"column":0},"end":{"line":1,"column":25}},"1":{"start":{"line":2,"column":0},"end":{"line":2,"column":0}},"2":{"start":{"line":3,"column":0},"end":{"line":3,"column":81}},"3":{"start":{"line":4,"column":0},"end":{"line":4,"column":28}},"4":{"start":{"line":5,"column":0},"end":{"line":5,"column":27}},"5":{"start":{"line":6,"column":0},"end":{"line":6,"column":15}},"6":{"start":{"line":7,"column":0},"end":{"line":7,"column":3}},"7":{"start":{"line":8,"column":0},"end":{"line":8,"column":10}},"8":{"start":{"line":9,"column":0},"end":{"line":9,"column":82}},"9":{"start":{"line":10,"column":0},"end":{"line":10,"column":61}},"10":{"start":{"line":11,"column":0},"end":{"line":11,"column":91}},"11":{"start":{"line":12,"column":0},"end":{"line":12,"column":35}},"12":{"start":{"line":13,"column":0},"end":{"line":13,"column":81}},"13":{"start":{"line":14,"column":0},"end":{"line":14,"column":14}},"14":{"start":{"line":15,"column":0},"end":{"line":15,"column":12}},"15":{"start":{"line":16,"column":0},"end":{"line":16,"column":10}},"16":{"start":{"line":17,"column":0},"end":{"line":17,"column":3}},"17":{"start":{"line":18,"column":0},"end":{"line":18,"column":1}}},"s":{"0":1,"1":1,"2":16,"3":16,"4":2,"5":2,"6":2,"7":16,"8":16,"9":16,"10":16,"11":16,"12":16,"13":16,"14":16,"15":16,"16":16,"17":16},"branchMap":{"0":{"type":"branch","line":3,"loc":{"start":{"line":3,"column":0},"end":{"line":18,"column":1}},"locations":[{"start":{"line":3,"column":0},"end":{"line":18,"column":1}}]},"1":{"type":"branch","line":4,"loc":{"start":{"line":4,"column":21},"end":{"line":7,"column":3}},"locations":[{"start":{"line":4,"column":21},"end":{"line":7,"column":3}}]}},"b":{"0":[16],"1":[2]},"fnMap":{"0":{"name":"Card","decl":{"start":{"line":3,"column":0},"end":{"line":18,"column":1}},"loc":{"start":{"line":3,"column":0},"end":{"line":18,"column":1}},"line":3},"1":{"name":"handleShow","decl":{"start":{"line":4,"column":21},"end":{"line":7,"column":3}},"loc":{"start":{"line":4,"column":21},"end":{"line":7,"column":3}},"line":4}},"f":{"0":16,"1":2}}
,"C:\\Users\\dalid\\Documents\\DEV\\mars-photos-app\\src\\components\\UI\\SliderModal.jsx": {"path":"C:\\Users\\dalid\\Documents\\DEV\\mars-photos-app\\src\\components\\UI\\SliderModal.jsx","all":false,"statementMap":{"0":{"start":{"line":1,"column":0},"end":{"line":1,"column":25}},"1":{"start":{"line":2,"column":0},"end":{"line":2,"column":57}},"2":{"start":{"line":3,"column":0},"end":{"line":3,"column":0}},"3":{"start":{"line":4,"column":0},"end":{"line":4,"column":93}},"4":{"start":{"line":5,"column":0},"end":{"line":5,"column":10}},"5":{"start":{"line":6,"column":0},"end":{"line":6,"column":73}},"6":{"start":{"line":7,"column":0},"end":{"line":7,"column":32}},"7":{"start":{"line":8,"column":0},"end":{"line":8,"column":34}},"8":{"start":{"line":9,"column":0},"end":{"line":9,"column":50}},"9":{"start":{"line":10,"column":0},"end":{"line":10,"column":23}},"10":{"start":{"line":11,"column":0},"end":{"line":11,"column":20}},"11":{"start":{"line":12,"column":0},"end":{"line":12,"column":55}},"12":{"start":{"line":13,"column":0},"end":{"line":13,"column":22}},"13":{"start":{"line":14,"column":0},"end":{"line":14,"column":44}},"14":{"start":{"line":15,"column":0},"end":{"line":15,"column":24}},"15":{"start":{"line":16,"column":0},"end":{"line":16,"column":60}},"16":{"start":{"line":17,"column":0},"end":{"line":17,"column":80}},"17":{"start":{"line":18,"column":0},"end":{"line":18,"column":38}},"18":{"start":{"line":19,"column":0},"end":{"line":19,"column":59}},"19":{"start":{"line":20,"column":0},"end":{"line":20,"column":25}},"20":{"start":{"line":21,"column":0},"end":{"line":21,"column":89}},"21":{"start":{"line":22,"column":0},"end":{"line":22,"column":26}},"22":{"start":{"line":23,"column":0},"end":{"line":23,"column":39}},"23":{"start":{"line":24,"column":0},"end":{"line":24,"column":34}},"24":{"start":{"line":25,"column":0},"end":{"line":25,"column":17}},"25":{"start":{"line":26,"column":0},"end":{"line":26,"column":17}},"26":{"start":{"line":27,"column":0},"end":{"line":27,"column":21}},"27":{"start":{"line":28,"column":0},"end":{"line":28,"column":21}},"28":{"start":{"line":29,"column":0},"end":{"line":29,"column":22}},"29":{"start":{"line":30,"column":0},"end":{"line":30,"column":60}},"30":{"start":{"line":31,"column":0},"end":{"line":31,"column":17}},"31":{"start":{"line":32,"column":0},"end":{"line":32,"column":19}},"32":{"start":{"line":33,"column":0},"end":{"line":33,"column":23}},"33":{"start":{"line":34,"column":0},"end":{"line":34,"column":12}},"34":{"start":{"line":35,"column":0},"end":{"line":35,"column":12}},"35":{"start":{"line":36,"column":0},"end":{"line":36,"column":3}},"36":{"start":{"line":37,"column":0},"end":{"line":37,"column":1}}},"s":{"0":1,"1":1,"2":1,"3":20,"4":20,"5":20,"6":20,"7":20,"8":20,"9":20,"10":20,"11":20,"12":20,"13":20,"14":16,"15":16,"16":16,"17":16,"18":16,"19":16,"20":16,"21":16,"22":16,"23":16,"24":16,"25":20,"26":20,"27":20,"28":20,"29":20,"30":20,"31":20,"32":20,"33":20,"34":20,"35":20,"36":20},"branchMap":{"0":{"type":"branch","line":4,"loc":{"start":{"line":4,"column":0},"end":{"line":37,"column":1}},"locations":[{"start":{"line":4,"column":0},"end":{"line":37,"column":1}}]},"1":{"type":"branch","line":14,"loc":{"start":{"line":14,"column":25},"end":{"line":26,"column":15}},"locations":[{"start":{"line":14,"column":25},"end":{"line":26,"column":15}}]}},"b":{"0":[20],"1":[16]},"fnMap":{"0":{"name":"SliderModal","decl":{"start":{"line":4,"column":0},"end":{"line":37,"column":1}},"loc":{"start":{"line":4,"column":0},"end":{"line":37,"column":1}},"line":4}},"f":{"0":20}}
,"C:\\Users\\dalid\\Documents\\DEV\\mars-photos-app\\src\\hooks\\useAxios.jsx": {"path":"C:\\Users\\dalid\\Documents\\DEV\\mars-photos-app\\src\\hooks\\useAxios.jsx","all":false,"statementMap":{"0":{"start":{"line":1,"column":0},"end":{"line":1,"column":43}},"1":{"start":{"line":2,"column":0},"end":{"line":2,"column":25}},"2":{"start":{"line":3,"column":0},"end":{"line":3,"column":0}},"3":{"start":{"line":4,"column":0},"end":{"line":4,"column":0}},"4":{"start":{"line":5,"column":0},"end":{"line":5,"column":35}},"5":{"start":{"line":6,"column":0},"end":{"line":6,"column":44}},"6":{"start":{"line":7,"column":0},"end":{"line":7,"column":38}},"7":{"start":{"line":8,"column":0},"end":{"line":8,"column":46}},"8":{"start":{"line":9,"column":0},"end":{"line":9,"column":0}},"9":{"start":{"line":10,"column":0},"end":{"line":10,"column":39}},"10":{"start":{"line":11,"column":0},"end":{"line":11,"column":9}},"11":{"start":{"line":12,"column":0},"end":{"line":12,"column":48}},"12":{"start":{"line":13,"column":0},"end":{"line":13,"column":25}},"13":{"start":{"line":14,"column":0},"end":{"line":14,"column":19}},"14":{"start":{"line":15,"column":0},"end":{"line":15,"column":19}},"15":{"start":{"line":16,"column":0},"end":{"line":16,"column":15}},"16":{"start":{"line":17,"column":0},"end":{"line":17,"column":23}},"17":{"start":{"line":18,"column":0},"end":{"line":18,"column":5}},"18":{"start":{"line":19,"column":0},"end":{"line":19,"column":3}},"19":{"start":{"line":20,"column":0},"end":{"line":20,"column":0}},"20":{"start":{"line":21,"column":0},"end":{"line":21,"column":19}},"21":{"start":{"line":22,"column":0},"end":{"line":22,"column":26}},"22":{"start":{"line":23,"column":0},"end":{"line":23,"column":2}},"23":{"start":{"line":24,"column":0},"end":{"line":24,"column":8}},"24":{"start":{"line":25,"column":0},"end":{"line":25,"column":0}},"25":{"start":{"line":26,"column":0},"end":{"line":26,"column":37}},"26":{"start":{"line":27,"column":0},"end":{"line":27,"column":1}},"27":{"start":{"line":28,"column":0},"end":{"line":28,"column":23}}},"s":{"0":1,"1":1,"2":1,"3":1,"4":1,"5":20,"6":20,"7":20,"8":20,"9":20,"10":6,"11":6,"12":6,"13":6,"14":0,"15":6,"16":6,"17":6,"18":6,"19":20,"20":20,"21":6,"22":6,"23":20,"24":20,"25":20,"26":20,"27":1},"branchMap":{"0":{"type":"branch","line":5,"loc":{"start":{"line":5,"column":17},"end":{"line":27,"column":1}},"locations":[{"start":{"line":5,"column":17},"end":{"line":27,"column":1}}]},"1":{"type":"branch","line":10,"loc":{"start":{"line":10,"column":20},"end":{"line":19,"column":3}},"locations":[{"start":{"line":10,"column":20},"end":{"line":19,"column":3}}]},"2":{"type":"branch","line":14,"loc":{"start":{"line":14,"column":4},"end":{"line":16,"column":6}},"locations":[{"start":{"line":14,"column":4},"end":{"line":16,"column":6}}]},"3":{"type":"branch","line":21,"loc":{"start":{"line":21,"column":12},"end":{"line":24,"column":5}},"locations":[{"start":{"line":21,"column":12},"end":{"line":24,"column":5}}]}},"b":{"0":[20],"1":[6],"2":[0],"3":[6]},"fnMap":{"0":{"name":"useAxios","decl":{"start":{"line":5,"column":17},"end":{"line":27,"column":1}},"loc":{"start":{"line":5,"column":17},"end":{"line":27,"column":1}},"line":5},"1":{"name":"fetchData","decl":{"start":{"line":10,"column":20},"end":{"line":19,"column":3}},"loc":{"start":{"line":10,"column":20},"end":{"line":19,"column":3}},"line":10}},"f":{"0":20,"1":6}}
}
